<?xml version="1.0" encoding="UTF-8"?>
<!-- Generated by org.testng.reporters.JUnitReportReporter -->
<testsuite hostname="LAPTOP-PTNS5S83" failures="0" tests="11" name="loginapi" time="14.882" errors="0" timestamp="2022-09-10T18:19:11 IST" skipped="0">
  <testcase classname="loginapi" name="test_13" time="6.096"/>
  <system-out/>
  <testcase classname="loginapi" name="test_2" time="3.139"/>
  <system-out/>
  <testcase classname="loginapi" name="test_8" time="0.588"/>
  <system-out/>
  <testcase classname="loginapi" name="test_4" time="0.768"/>
  <system-out/>
  <testcase classname="loginapi" name="test_5" time="0.542"/>
  <system-out/>
  <testcase classname="loginapi" name="test_6" time="0.548"/>
  <system-out/>
  <testcase classname="loginapi" name="test_7" time="0.729"/>
  <system-out/>
  <testcase classname="loginapi" name="test_9" time="0.557"/>
  <system-out/>
  <testcase classname="loginapi" name="test_11" time="0.541"/>
  <system-out/>
  <testcase classname="loginapi" name="test_12" time="0.712"/>
  <system-out/>
  <testcase classname="loginapi" name="test_1" time="0.662"/>
  <system-out/>
</testsuite> <!-- loginapi -->
