<?xml version="1.0" encoding="UTF-8"?>
<!-- Generated by org.testng.reporters.JUnitReportReporter -->
<testsuite hostname="LAPTOP-PTNS5S83" failures="0" tests="9" name="CreateContractor" time="8.236" errors="0" timestamp="2022-01-20T22:27:20 IST" skipped="0">
  <testcase classname="CreateContractor" name="test_2" time="0.690"/>
  <system-out/>
  <testcase classname="CreateContractor" name="test_3" time="0.829"/>
  <system-out/>
  <testcase classname="CreateContractor" name="test_5" time="0.808"/>
  <system-out/>
  <testcase classname="CreateContractor" name="test_6" time="0.704"/>
  <system-out/>
  <testcase classname="CreateContractor" name="test_7" time="0.734"/>
  <system-out/>
  <testcase classname="CreateContractor" name="test_8" time="0.710"/>
  <system-out/>
  <testcase classname="CreateContractor" name="test_9" time="0.719"/>
  <system-out/>
  <testcase classname="CreateContractor" name="test_1" time="2.420"/>
  <system-out/>
  <testcase classname="CreateContractor" name="test_4" time="0.622"/>
  <system-out/>
</testsuite> <!-- CreateContractor -->
