<?xml version="1.0" encoding="UTF-8"?>
<!-- Generated by org.testng.reporters.JUnitReportReporter -->
<testsuite hostname="LAPTOP-PTNS5S83" failures="0" tests="1" name="TestingBehaviour" time="2.205" errors="0" timestamp="2022-12-04T23:13:28 IST" skipped="0">
  <testcase classname="TestingBehaviour" name="Login" time="2.205"/>
  <system-out/>
</testsuite> <!-- TestingBehaviour -->
