<?xml version="1.0" encoding="UTF-8"?>
<!-- Generated by org.testng.reporters.JUnitReportReporter -->
<testsuite hostname="LAPTOP-PTNS5S83" failures="0" tests="3" name="SamplePost" time="7.352" errors="0" timestamp="2022-09-11T22:39:42 IST" skipped="0">
  <testcase classname="SamplePost" name="ball" time="3.239"/>
  <system-out/>
  <testcase classname="SamplePost" name="catche" time="1.527"/>
  <system-out/>
  <testcase classname="SamplePost" name="apple" time="2.586"/>
  <system-out/>
</testsuite> <!-- SamplePost -->
